<?xml version="1.0" encoding="UTF-8" ?>
<testsuite errors="0" failures="0" hostname="MW38" name="groupe.com.aem.Testclient" skipped="0" tests="6" time="0.104" timestamp="2020-04-12T21:11:06">
  <properties>
[...]
</properties>
  <testcase classname="groupe.com.aem.Testclient" name="testAddress" time="0.005" />
  <testcase classname="groupe.com.aem.Testclient" name="testAge" time="0.0" />
  <testcase classname="groupe.com.aem.Testclient" name="testNom" time="0.001" />
  <testcase classname="groupe.com.aem.Testclient" name="testSexe" time="0.0" />
  <testcase classname="groupe.com.aem.Testclient" name="testTelp" time="0.0" />
  <testcase classname="groupe.com.aem.Testclient" name="test" time="0.001" />
  <system-out><![CDATA[1avant test
1apres test
2avant test
2apres test
3avant test
3apres test
4avant test
4apres test
5avant test
5apres test
6avant test
6apres test
]]></system-out>
  <system-err><![CDATA[]]></system-err>
</testsuite>
